<?xml version="1.0" encoding="UTF-8"?>
<testsuite name="test.java.AlgoTest" tests="9" skipped="0" failures="0" errors="0" timestamp="2018-10-22T16:30:07" hostname="DESKTOP-NNR2VBT" time="0.008">
  <properties/>
  <testcase name="tesths" classname="test.java.AlgoTest" time="0.005"/>
  <testcase name="testis" classname="test.java.AlgoTest" time="0.0"/>
  <testcase name="testms" classname="test.java.AlgoTest" time="0.0"/>
  <testcase name="testqs" classname="test.java.AlgoTest" time="0.0"/>
  <testcase name="testss" classname="test.java.AlgoTest" time="0.0"/>
  <testcase name="test" classname="test.java.AlgoTest" time="0.0"/>
  <testcase name="test1" classname="test.java.AlgoTest" time="0.0"/>
  <testcase name="ifConditionBubbleSort" classname="test.java.AlgoTest" time="0.0"/>
  <testcase name="SingleElememt" classname="test.java.AlgoTest" time="0.0"/>
  <system-out><![CDATA[]]></system-out>
  <system-err><![CDATA[]]></system-err>
</testsuite>
